1018213540.rsc.cdn77.org
2021.website.yandexcloud.net
28.website.yandexcloud.net
2gis.ae
2gis.am
2gis.az
2gis.com
2gis.com.cy
2gis.cz
2gis.ge
2gis.kg
2gis.ru
2gis.tech
2gis.tj
2gis.uz
47news.ru
5ka.ru
ad-cdek.ru
adfox.ru
adjust.com
admetrica.ru
alexsys-test-bucket.website.yandexcloud.net
alfabank.ru
aliexpress.ru
andrey0622.website.yandexcloud.net
apigw.yandexcloud.net
apptracer.ru
auth-nsdi.ru
auto.ru
auto.yandex
avito.ru
avito.st
avto.ru
avtodor-tr.ru
bas20230228.website.yandexcloud.net
beard-studio.website.yandexcloud.net
beeline.ru
beeline.tv
beru.ru
bestbenefits.ru
bitrix.info
bitrix24.com
bitrix24.net
bitrix24.ru
bkvet.ru
bringly.ru
bucket-netology-55n5l9ap3zkwat1z.website.yandexcloud.net
cdek.ru
cdek.shopping
cdn-tinkoff.ru
cdn-vk.ru
certificate.website.yandexcloud.net
cian.ru
cikrf.ru
clinic.website.yandexcloud.net
clstorage.net
com.website.yandexcloud.net
consultant.ru
dark-chicken.website.yandexcloud.net
dbankcloud.com
dbankcloud.ru
detmir-stats.ru
detmir.ru
detmir.st
digital.gov.ru
dobro.ru
docs-site.website.yandexcloud.net
domopult.ru
duma.gov.ru
dzen.ru
dzeninfra.ru
dzvr.ru
eda.yandex
edadeal.ru
emex.ru
evotor.ru
fssp.gov.ru
ftrack-bucket.website.yandexcloud.net
functions.yandexcloud.net
gazeta.ru
gazprombank.ru
gb.ru
genotek.ru
genproc.gov.ru
gitlab.yandexcloud.net
gorzdrav.spb.ru
gosspo.storage.yandexcloud.net
gosuslugi.ru
government.ru
gu-st.ru
habr.com
habrastorage.org
hashicorp-releases.yandexcloud.net
headhunter.ru
hh.ru
hrlink.ru
invitro.ru
io2gis.ae
izbirkom.ru
keycloak-test.yandexcloud.net
kinopoisk.ru
kp.ru
kremlin.ru
lamoda.ru
lemanapro.ru
lenta.ru
leroymerlin.ru
lizaalert.org
lkk-mosobleirc.ru
lmcdn.ru
lmru.tech
magnit.ru
mail.ru
max.ru
mdb.yandexcloud.net
medsi.ru
megafon.ru
metrika.yandex
mos.ru
mosenergosbyt.ru
mosobleirc.ru
mosreg.ru
mradx.net
mts.ru
mvd.ru
mvk.com
my-backet.website.yandexcloud.net
myapelsin.ru
mycdn.me
myspar.ru
nalog.gov.ru
nalog.ru
naydex.net
ns1.yandexcloud.net
ns2.yandexcloud.net
ofd.ru
ok.ru
okcdn.ru
onelya.ru
oneme.ru
onepricecoffee.com
onf.ru
online.website.yandexcloud.net
ozon.app
ozon.com
ozon.dev
ozon.global
ozon.kz
ozon.market
ozon.ru
ozon.travel
ozone.ru
ozonusercontent.com
pages.yandexcloud.net
paywb.com
perekrestok.ru
pesc.ru
playvalorant.com
pochta.ru
podberi.ru
prod-currency.website.yandexcloud.net
punto-switcher.ru
punto.ru
pvp.net
qsrapp.ru
quantum.yandexcloud.net
questa.ru
rambler.ru
rassvet-static.website.yandexcloud.net
rbc.ru
refocus.ru
rendez-vous.ru
res-nsdi.ru
reso.ru
rf.storage.yandexcloud.net
rgpub.io
riotcdn.net
riotgames.com
riotgames.es
roskachestvo.gov.ru
rosreestr.gov.ru
rostaxi.org
roszdravnadzor.gov.ru
rtbcdn.ru
ru.website.yandexcloud.net
ru2gis.com
ruscorpora.ru
russianpost.ru
rustore.ru
rutube.ru
rutubelist.ru
rzd-bonus.ru
rzd.ru
s3.yandexcloud.net
saby.ru
sber.ru
sberbank.ru
sbis.link
sbis.ru
search.yandexcloud.net
serverless.yandexcloud.net
sferum.ru
showip.net
sirius.online
skillbox.ru
skillfactory.ru
smartcaptcha.yandexcloud.net
sochisirius.ru
space.website.yandexcloud.net
speechsense.yandexcloud.net
sputnik.ru
src.yandexcloud.net
ssite2024.website.yandexcloud.net
static-storage.net
t2.ru
talk-analytics.yandexcloud.net
tamtam.chat
taximaxim.ru
tbank.ru
tenderplan.ru
tensor.ru
terraform-provider.yandexcloud.net
tetrika-school.ru
tinkoff.ru
trino.yandexcloud.net
ttk.ru
tutu.ru
twinby-rk.storage.yandexcloud.net
twinby.ru
ua.yandexcloud.net
uchi.ru
userapi.com
vdi.yandexcloud.net
video-yandex.ru
videoyandex.ru
vk-analytics.ru
vk-apps.com
vk-apps.ru
vk-cdn.me
vk-cdn.net
vk-portal.net
vk-streaming.com
vk.cc
vk.com
vk.company
vk.design
vk.link
vk.me
vk.ru
vk.team
vkcache.com
vkcdn.net
vkclips.app
vkcloud-static.ru
vkforms.com
vkgo.app
vklive.app
vkmessenger.app
vkmessenger.com
vkontakte.ru
vkpay.com
vkplay.ru
vkuser.net
vkuseraudio.com
vkuseraudio.net
vkuseraudio.ru
vkusercdn.ru
vkuserlive.com
vkuserlive.net
vkuserphoto.ru
vkuservideo.com
vkuservideo.net
vkuservideo.ru
vkusnoitochka.ru
vkusvill.ru
vkvideo.ru
vtb.ru
wb.ru
wbbasket.ru
webvisor.com
webvisor.org
wibes.ru
wildberries.ru
work-intent-front-testing.website.yandexcloud.net
wsbof.com
x5.ru
x5club.ru
x5media.ru
x5paket.ru
x5static.net
xn----7sbbneb6bnecqehhbrn5y.xn--p1ai
xn--80ajghhoc2aj1c8b.xn--p1ai
xn--90aijkdmaud0d.xn--p1ai
xn--d1acpjx3f.xn--p1ai
ya.ru
yadro.ru
yads.tech
yandex-bank.net
yandex-team.ru
yandex-video.ru
yandex.aero
yandex.asia
yandex.az
yandex.by
yandex.cloud
yandex.co.il
yandex.com
yandex.com.am
yandex.com.ge
yandex.com.ru
yandex.com.tr
yandex.com.ua
yandex.de
yandex.dk
yandex.do
yandex.ee
yandex.es
yandex.eu
yandex.fi
yandex.fr
yandex.ie
yandex.in
yandex.it
yandex.jobs
yandex.kg
yandex.kz
yandex.lt
yandex.lu
yandex.lv
yandex.md
yandex.mobi
yandex.mx
yandex.net
yandex.net.ru
yandex.no
yandex.nu
yandex.org
yandex.pl
yandex.pt
yandex.qa
yandex.ro
yandex.rs
yandex.ru
yandex.sk
yandex.so
yandex.st
yandex.sx
yandex.tj
yandex.tm
yandex.ua
yandex.uz
yandexadexchange.net
yandexcloud.kz
yandexcom.net
yandexmetrica.com
yandexsport.ru
yandexwebcache.org
yantp.net
yastat.net
yastatic-net.ru
yastatic.net
ymetrica1.com
ymvccb7b8b.ru
youla.ru
zaraza.website.yandexcloud.net
zen.me
zenadservices.net
